<?xml version="1.0" encoding="UTF-8"?>
<testng-results skipped="0" failed="0" total="1" passed="1">
  <reporter-output>
  </reporter-output>
  <suite name="Default suite" duration-ms="39075" started-at="2020-06-15T09:38:06Z" finished-at="2020-06-15T09:38:45Z">
    <groups>
    </groups>
    <test name="Default test" duration-ms="39075" started-at="2020-06-15T09:38:06Z" finished-at="2020-06-15T09:38:45Z">
      <class name="com.TestCase.Facebook_register_Testcase">
        <test-method status="PASS" signature="startapp()[pri:0, instance:com.TestCase.Facebook_register_Testcase@37918c79]" name="startapp" is-config="true" duration-ms="32294" started-at="2020-06-15T15:08:06Z" finished-at="2020-06-15T15:08:38Z">
          <reporter-output>
          </reporter-output>
        </test-method> <!-- startapp -->
        <test-method status="PASS" signature="register()[pri:0, instance:com.TestCase.Facebook_register_Testcase@37918c79]" name="register" duration-ms="5541" started-at="2020-06-15T15:08:38Z" finished-at="2020-06-15T15:08:44Z">
          <reporter-output>
          </reporter-output>
        </test-method> <!-- register -->
        <test-method status="PASS" signature="tearup()[pri:0, instance:com.TestCase.Facebook_register_Testcase@37918c79]" name="tearup" is-config="true" duration-ms="620" started-at="2020-06-15T15:08:44Z" finished-at="2020-06-15T15:08:45Z">
          <reporter-output>
          </reporter-output>
        </test-method> <!-- tearup -->
      </class> <!-- com.TestCase.Facebook_register_Testcase -->
    </test> <!-- Default test -->
  </suite> <!-- Default suite -->
</testng-results>
