<?xml version="1.0" encoding="UTF-8"?>
<testng-results skipped="0" failed="0" total="1" passed="1">
  <reporter-output>
  </reporter-output>
  <suite name="Default suite" duration-ms="34309" started-at="2020-06-16T15:29:46Z" finished-at="2020-06-16T15:30:20Z">
    <groups>
    </groups>
    <test name="Default test" duration-ms="34309" started-at="2020-06-16T15:29:46Z" finished-at="2020-06-16T15:30:20Z">
      <class name="com.TestCase.Facebook_register_Testcase">
        <test-method status="PASS" signature="startapp()[pri:0, instance:com.TestCase.Facebook_register_Testcase@37918c79]" name="startapp" is-config="true" duration-ms="23189" started-at="2020-06-16T20:59:46Z" finished-at="2020-06-16T21:00:09Z">
          <reporter-output>
          </reporter-output>
        </test-method> <!-- startapp -->
        <test-method status="PASS" signature="register()[pri:0, instance:com.TestCase.Facebook_register_Testcase@37918c79]" name="register" duration-ms="5174" started-at="2020-06-16T21:00:09Z" finished-at="2020-06-16T21:00:15Z">
          <reporter-output>
          </reporter-output>
        </test-method> <!-- register -->
        <test-method status="PASS" signature="tearup()[pri:0, instance:com.TestCase.Facebook_register_Testcase@37918c79]" name="tearup" is-config="true" duration-ms="5270" started-at="2020-06-16T21:00:15Z" finished-at="2020-06-16T21:00:20Z">
          <reporter-output>
          </reporter-output>
        </test-method> <!-- tearup -->
      </class> <!-- com.TestCase.Facebook_register_Testcase -->
    </test> <!-- Default test -->
  </suite> <!-- Default suite -->
</testng-results>
